#
# There is insufficient memory for the Java Runtime Environment to continue.
# Native memory allocation (malloc) failed to allocate 962016 bytes for Chunk::new
# Possible reasons:
#   The system is out of physical RAM or swap space
#   The process is running with CompressedOops enabled, and the Java Heap may be blocking the growth of the native heap
# Possible solutions:
#   Reduce memory load on the system
#   Increase physical memory or swap space
#   Check if swap backing store is full
#   Decrease Java heap size (-Xmx/-Xms)
#   Decrease number of Java threads
#   Decrease Java thread stack sizes (-Xss)
#   Set larger code cache with -XX:ReservedCodeCacheSize=
#   JVM is running with Unscaled Compressed Oops mode in which the Java heap is
#     placed in the first 4GB address space. The Java Heap base address is the
#     maximum limit for the native heap growth. Please use -XX:HeapBaseMinAddress
#     to set the Java Heap base and to place the Java Heap above 4GB virtual address.
# This output file may be truncated or incomplete.
#
#  Out of Memory Error (arena.cpp:184), pid=36284, tid=31144
#
# JRE version: Java(TM) SE Runtime Environment (18.0+36) (build 18+36-2087)
# Java VM: Java HotSpot(TM) 64-Bit Server VM (18+36-2087, mixed mode, sharing, tiered, compressed oops, compressed class ptrs, g1 gc, windows-amd64)
# No core dump will be written. Minidumps are not enabled by default on client versions of Windows
#

---------------  S U M M A R Y ------------

Command Line: -ea -Dfile.encoding=UTF-8 -XX:+ShowCodeDetailsInExceptionMessages org.eclipse.jdt.internal.junit.runner.RemoteTestRunner -version 3 -port 63611 -testLoaderClass org.eclipse.jdt.internal.junit4.runner.JUnit4TestLoader -loaderpluginname org.eclipse.jdt.junit4.runtime -classNames com.project.Runner.TestRunner

Host: AMD Ryzen 5 5500U with Radeon Graphics         , 12 cores, 5G,  Windows 11 , 64 bit Build 22621 (10.0.22621.3958)
Time: Sat Dec  7 15:50:09 2024 India Standard Time elapsed time: 9.512820 seconds (0d 0h 0m 9s)

---------------  T H R E A D  ---------------

Current thread (0x0000016d1f740f60):  JavaThread "C2 CompilerThread0" daemon [_thread_in_native, id=31144, stack(0x0000005217600000,0x0000005217700000)]


Current CompileTask:
C2:   9512 4541       4       sun.security.util.AbstractAlgorithmConstraints::checkAlgorithm (87 bytes)

Stack: [0x0000005217600000,0x0000005217700000]
Native frames: (J=compiled Java code, j=interpreted, Vv=VM code, C=native code)
V  [jvm.dll+0x69804a]
V  [jvm.dll+0x7f308d]
V  [jvm.dll+0x7f499e]
V  [jvm.dll+0x7f5053]
V  [jvm.dll+0x25ca3f]
V  [jvm.dll+0xb8c2f]
V  [jvm.dll+0xb8fa5]
V  [jvm.dll+0x2c794f]
V  [jvm.dll+0x59fdb0]
V  [jvm.dll+0x237f1e]
V  [jvm.dll+0x231672]
V  [jvm.dll+0x22eeeb]
V  [jvm.dll+0x1b9cfc]
V  [jvm.dll+0x23e8ca]
V  [jvm.dll+0x23cbac]
V  [jvm.dll+0x7a5781]
V  [jvm.dll+0x79fbba]
V  [jvm.dll+0x696ef5]
C  [ucrtbase.dll+0x29333]
C  [KERNEL32.DLL+0x1257d]
C  [ntdll.dll+0x5af08]


---------------  P R O C E S S  ---------------

Threads class SMR info:
_java_thread_list=0x0000016d24350090, length=40, elements={
0x0000016d024f5ca0, 0x0000016d1f721180, 0x0000016d1f721de0, 0x0000016d1f739060,
0x0000016d1f73a920, 0x0000016d1f73f2d0, 0x0000016d1f73fe80, 0x0000016d1f740f60,
0x0000016d1f750660, 0x0000016d1f779730, 0x0000016d23b0f210, 0x0000016d23b20930,
0x0000016d24070010, 0x0000016d25623be0, 0x0000016d25555030, 0x0000016d252f07f0,
0x0000016d252b17e0, 0x0000016d258d7540, 0x0000016d258d7a00, 0x0000016d257e0080,
0x0000016d257dfbb0, 0x0000016d257ded40, 0x0000016d257e13c0, 0x0000016d257e0ef0,
0x0000016d257e0550, 0x0000016d257e1890, 0x0000016d257e0a20, 0x0000016d257df6e0,
0x0000016d257de870, 0x0000016d257de3a0, 0x0000016d257df210, 0x0000016d24324d20,
0x0000016d243273a0, 0x0000016d243256c0, 0x0000016d24327870, 0x0000016d24326a00,
0x0000016d24327d40, 0x0000016d24326060, 0x0000016d24323eb0, 0x0000016d24326ed0
}

Java Threads: ( => current thread )
  0x0000016d024f5ca0 JavaThread "main" [_thread_in_Java, id=12484, stack(0x0000005216900000,0x0000005216a00000)]
  0x0000016d1f721180 JavaThread "Reference Handler" daemon [_thread_blocked, id=5964, stack(0x0000005217000000,0x0000005217100000)]
  0x0000016d1f721de0 JavaThread "Finalizer" daemon [_thread_blocked, id=39224, stack(0x0000005217100000,0x0000005217200000)]
  0x0000016d1f739060 JavaThread "Signal Dispatcher" daemon [_thread_blocked, id=30064, stack(0x0000005217200000,0x0000005217300000)]
  0x0000016d1f73a920 JavaThread "Attach Listener" daemon [_thread_blocked, id=7160, stack(0x0000005217300000,0x0000005217400000)]
  0x0000016d1f73f2d0 JavaThread "Service Thread" daemon [_thread_blocked, id=42532, stack(0x0000005217400000,0x0000005217500000)]
  0x0000016d1f73fe80 JavaThread "Monitor Deflation Thread" daemon [_thread_blocked, id=42080, stack(0x0000005217500000,0x0000005217600000)]
=>0x0000016d1f740f60 JavaThread "C2 CompilerThread0" daemon [_thread_in_native, id=31144, stack(0x0000005217600000,0x0000005217700000)]
  0x0000016d1f750660 JavaThread "C1 CompilerThread0" daemon [_thread_blocked, id=40944, stack(0x0000005217700000,0x0000005217800000)]
  0x0000016d1f779730 JavaThread "Sweeper thread" daemon [_thread_blocked, id=26636, stack(0x0000005217800000,0x0000005217900000)]
  0x0000016d23b0f210 JavaThread "Notification Thread" daemon [_thread_blocked, id=28720, stack(0x0000005217900000,0x0000005217a00000)]
  0x0000016d23b20930 JavaThread "Common-Cleaner" daemon [_thread_blocked, id=3636, stack(0x0000005217b00000,0x0000005217c00000)]
  0x0000016d24070010 JavaThread "ReaderThread" [_thread_in_native, id=15116, stack(0x0000005217c00000,0x0000005217d00000)]
  0x0000016d25623be0 JavaThread "LittleProxy-0-ClientToProxyAcceptor-0" [_thread_in_native, id=23896, stack(0x0000005218800000,0x0000005218900000)]
  0x0000016d25555030 JavaThread "ForkJoinPool.commonPool-worker-1" daemon [_thread_blocked, id=32296, stack(0x0000005218900000,0x0000005218a00000)]
  0x0000016d252f07f0 JavaThread "HttpClient-1-SelectorManager" daemon [_thread_in_native, id=6016, stack(0x0000005218a00000,0x0000005218b00000)]
  0x0000016d252b17e0 JavaThread "External Process Output Forwarder - C:\Users\Abhishek\.cache\selenium\geckodriver\win64\0.35.0\geckodriver.exe" daemon [_thread_in_native, id=25596, stack(0x0000005218b00000,0x0000005218c00000)]
  0x0000016d258d7540 JavaThread "Driver Service Executor" daemon [_thread_blocked, id=33436, stack(0x0000005218c00000,0x0000005218d00000)]
  0x0000016d258d7a00 JavaThread "Driver Service Executor" daemon [_thread_in_native, id=9580, stack(0x0000005218d00000,0x0000005218e00000)]
  0x0000016d257e0080 JavaThread "JdkHttpClient-0-0" daemon [_thread_blocked, id=42872, stack(0x0000005219000000,0x0000005219100000)]
  0x0000016d257dfbb0 JavaThread "CompletableFutureDelayScheduler" daemon [_thread_blocked, id=13472, stack(0x0000005219100000,0x0000005219200000)]
  0x0000016d257ded40 JavaThread "JdkHttpClient-0-1" daemon [_thread_blocked, id=8212, stack(0x0000005219200000,0x0000005219300000)]
  0x0000016d257e13c0 JavaThread "JdkHttpClient-0-2" daemon [_thread_blocked, id=42836, stack(0x0000005219300000,0x0000005219400000)]
  0x0000016d257e0ef0 JavaThread "LittleProxy-0-ClientToProxyWorker-0" [_thread_in_native, id=39524, stack(0x0000005219400000,0x0000005219500000)]
  0x0000016d257e0550 JavaThread "LittleProxy-0-ClientToProxyWorker-1" [_thread_in_native, id=34948, stack(0x0000005219500000,0x0000005219600000)]
  0x0000016d257e1890 JavaThread "LittleProxy-0-ProxyToServerWorker-1" [_thread_in_native, id=6476, stack(0x0000005219600000,0x0000005219700000)]
  0x0000016d257e0a20 JavaThread "LittleProxy-0-ProxyToServerWorker-0" [_thread_in_native, id=10844, stack(0x0000005219700000,0x0000005219800000)]
  0x0000016d257df6e0 JavaThread "LittleProxy-0-ClientToProxyWorker-2" [_thread_in_native, id=43360, stack(0x0000005219800000,0x0000005219900000)]
  0x0000016d257de870 JavaThread "LittleProxy-0-ClientToProxyWorker-3" [_thread_in_native, id=43364, stack(0x0000005219900000,0x0000005219a00000)]
  0x0000016d257de3a0 JavaThread "LittleProxy-0-ProxyToServerWorker-2" [_thread_in_native, id=43368, stack(0x0000005219a00000,0x0000005219b00000)]
  0x0000016d257df210 JavaThread "LittleProxy-0-ProxyToServerWorker-3" [_thread_in_native, id=43372, stack(0x0000005219b00000,0x0000005219c00000)]
  0x0000016d24324d20 JavaThread "LittleProxy-0-ClientToProxyWorker-4" [_thread_in_native, id=43412, stack(0x0000005219c00000,0x0000005219d00000)]
  0x0000016d243273a0 JavaThread "LittleProxy-0-ProxyToServerWorker-4" [_thread_in_native, id=43416, stack(0x0000005219d00000,0x0000005219e00000)]
  0x0000016d243256c0 JavaThread "LittleProxy-0-ClientToProxyWorker-5" [_thread_in_native, id=43584, stack(0x0000005219e00000,0x0000005219f00000)]
  0x0000016d24327870 JavaThread "LittleProxy-0-ProxyToServerWorker-5" [_thread_in_native, id=43588, stack(0x0000005219f00000,0x000000521a000000)]
  0x0000016d24326a00 JavaThread "HttpClient-2-SelectorManager" daemon [_thread_in_native, id=43928, stack(0x000000521a000000,0x000000521a100000)]
  0x0000016d24327d40 JavaThread "JdkHttpClient-1-0" daemon [_thread_blocked, id=43932, stack(0x000000521a100000,0x000000521a200000)]
  0x0000016d24326060 JavaThread "JdkHttpClient-1-1" daemon [_thread_blocked, id=43936, stack(0x000000521a200000,0x000000521a300000)]
  0x0000016d24323eb0 JavaThread "JdkHttpClient-1-2" daemon [_thread_blocked, id=43940, stack(0x000000521a300000,0x000000521a400000)]
  0x0000016d24326ed0 JavaThread "JdkHttpClient-1-3" daemon [_thread_blocked, id=43944, stack(0x000000521a400000,0x000000521a500000)]

Other Threads:
  0x0000016d025603a0 VMThread "VM Thread" [stack: 0x0000005216f00000,0x0000005217000000] [id=36792]
  0x0000016d23b16700 WatcherThread "VM Periodic Task Thread" [stack: 0x0000005217a00000,0x0000005217b00000] [id=25980]
  0x0000016d02549620 WorkerThread "GC Thread#0" [stack: 0x0000005216a00000,0x0000005216b00000] [id=15348]
  0x0000016d24bf7440 WorkerThread "GC Thread#1" [stack: 0x0000005217d00000,0x0000005217e00000] [id=17712]
  0x0000016d241b4070 WorkerThread "GC Thread#2" [stack: 0x0000005217e00000,0x0000005217f00000] [id=33180]
  0x0000016d241b4310 WorkerThread "GC Thread#3" [stack: 0x0000005217f00000,0x0000005218000000] [id=16852]
  0x0000016d24ba9700 WorkerThread "GC Thread#4" [stack: 0x0000005218000000,0x0000005218100000] [id=42920]
  0x0000016d24ba9bb0 WorkerThread "GC Thread#5" [stack: 0x0000005218100000,0x0000005218200000] [id=2804]
  0x0000016d24bac680 WorkerThread "GC Thread#6" [stack: 0x0000005218200000,0x0000005218300000] [id=37120]
  0x0000016d24bacd30 WorkerThread "GC Thread#7" [stack: 0x0000005218300000,0x0000005218400000] [id=39920]
  0x0000016d24d8b050 WorkerThread "GC Thread#8" [stack: 0x0000005218400000,0x0000005218500000] [id=39356]
  0x0000016d24d020c0 WorkerThread "GC Thread#9" [stack: 0x0000005218500000,0x0000005218600000] [id=18100]
  0x0000016d025568b0 ConcurrentGCThread "G1 Main Marker" [stack: 0x0000005216b00000,0x0000005216c00000] [id=7604]
  0x0000016d025572a0 WorkerThread "G1 Conc#0" [stack: 0x0000005216c00000,0x0000005216d00000] [id=31376]
  0x0000016d253ffd30 WorkerThread "G1 Conc#1" [stack: 0x0000005218600000,0x0000005218700000] [id=4300]
  0x0000016d2532d470 WorkerThread "G1 Conc#2" [stack: 0x0000005218700000,0x0000005218800000] [id=36372]
  0x0000016d0259e8a0 ConcurrentGCThread "G1 Refine#0" [stack: 0x0000005216d00000,0x0000005216e00000] [id=42980]
  0x0000016d24fece70 ConcurrentGCThread "G1 Refine#1" [stack: 0x0000005218f00000,0x0000005219000000] [id=41356]
  0x0000016d1f5db330 ConcurrentGCThread "G1 Service" [stack: 0x0000005216e00000,0x0000005216f00000] [id=36140]

Threads with active compile tasks:
C2 CompilerThread0     9570 4541       4       sun.security.util.AbstractAlgorithmConstraints::checkAlgorithm (87 bytes)

VM state: not at safepoint (normal execution)

VM Mutex/Monitor currently owned by a thread: None

Heap address: 0x00000000a2200000, size: 1502 MB, Compressed Oops mode: 32-bit

CDS archive(s) mapped at: [0x0000000800000000-0x0000000800ba0000-0x0000000800ba0000), size 12189696, SharedBaseAddress: 0x0000000800000000, ArchiveRelocationMode: 0.
Compressed class space mapped at: 0x0000000800c00000-0x0000000840c00000, reserved size: 1073741824
Narrow klass base: 0x0000000800000000, Narrow klass shift: 0, Narrow klass range: 0x100000000

GC Precious Log:
 CardTable entry size: 512
 Card Set container configuration: InlinePtr #cards 5 size 8 Array Of Cards #cards 12 size 40 Howl #buckets 4 coarsen threshold 1843 Howl Bitmap #cards 512 size 80 coarsen threshold 460 Card regions per heap region 1 cards per card region 2048
 CPUs: 12 total, 12 available
 Memory: 6005M
 Large Page Support: Disabled
 NUMA Support: Disabled
 Compressed Oops: Enabled (32-bit)
 Heap Region Size: 1M
 Heap Min Capacity: 8M
 Heap Initial Capacity: 94M
 Heap Max Capacity: 1502M
 Pre-touch: Disabled
 Parallel Workers: 10
 Concurrent Workers: 3
 Concurrent Refinement Workers: 10
 Periodic GC: Disabled

Heap:
 garbage-first heap   total 68608K, used 29885K [0x00000000a2200000, 0x0000000100000000)
  region size 1024K, 6 young (6144K), 2 survivors (2048K)
 Metaspace       used 35091K, committed 35456K, reserved 1114112K
  class space    used 4276K, committed 4480K, reserved 1048576K

Heap Regions: E=young(eden), S=young(survivor), O=old, HS=humongous(starts), HC=humongous(continues), CS=collection set, F=free, OA=open archive, CA=closed archive, TAMS=top-at-mark-start (previous, next)
|   0|0x00000000a2200000, 0x00000000a2300000, 0x00000000a2300000|100%|HS|  |TAMS 0x00000000a2300000, 0x00000000a2200000| Complete 
|   1|0x00000000a2300000, 0x00000000a2400000, 0x00000000a2400000|100%| O|  |TAMS 0x00000000a2400000, 0x00000000a2300000| Untracked 
|   2|0x00000000a2400000, 0x00000000a2500000, 0x00000000a2500000|100%| O|  |TAMS 0x00000000a2500000, 0x00000000a2400000| Untracked 
|   3|0x00000000a2500000, 0x00000000a2600000, 0x00000000a2600000|100%| O|  |TAMS 0x00000000a2600000, 0x00000000a2500000| Untracked 
|   4|0x00000000a2600000, 0x00000000a2700000, 0x00000000a2700000|100%| O|  |TAMS 0x00000000a2700000, 0x00000000a2600000| Untracked 
|   5|0x00000000a2700000, 0x00000000a2800000, 0x00000000a2800000|100%| O|  |TAMS 0x00000000a2800000, 0x00000000a2700000| Untracked 
|   6|0x00000000a2800000, 0x00000000a2900000, 0x00000000a2900000|100%| O|  |TAMS 0x00000000a2900000, 0x00000000a2800000| Untracked 
|   7|0x00000000a2900000, 0x00000000a2a00000, 0x00000000a2a00000|100%| O|  |TAMS 0x00000000a2a00000, 0x00000000a2900000| Untracked 
|   8|0x00000000a2a00000, 0x00000000a2b00000, 0x00000000a2b00000|100%| O|  |TAMS 0x00000000a2b00000, 0x00000000a2a00000| Untracked 
|   9|0x00000000a2b00000, 0x00000000a2c00000, 0x00000000a2c00000|100%| O|  |TAMS 0x00000000a2c00000, 0x00000000a2b00000| Untracked 
|  10|0x00000000a2c00000, 0x00000000a2c00000, 0x00000000a2d00000|  0%| F|  |TAMS 0x00000000a2c00000, 0x00000000a2c00000| Untracked 
|  11|0x00000000a2d00000, 0x00000000a2e00000, 0x00000000a2e00000|100%| O|  |TAMS 0x00000000a2d00000, 0x00000000a2d00000| Untracked 
|  12|0x00000000a2e00000, 0x00000000a2f00000, 0x00000000a2f00000|100%| O|  |TAMS 0x00000000a2e00000, 0x00000000a2e00000| Untracked 
|  13|0x00000000a2f00000, 0x00000000a3000000, 0x00000000a3000000|100%| O|  |TAMS 0x00000000a2f00000, 0x00000000a2f00000| Untracked 
|  14|0x00000000a3000000, 0x00000000a3100000, 0x00000000a3100000|100%| O|  |TAMS 0x00000000a3000000, 0x00000000a3000000| Untracked 
|  15|0x00000000a3100000, 0x00000000a3200000, 0x00000000a3200000|100%| O|  |TAMS 0x00000000a3100000, 0x00000000a3100000| Untracked 
|  16|0x00000000a3200000, 0x00000000a32da200, 0x00000000a3300000| 85%| O|  |TAMS 0x00000000a3200000, 0x00000000a3200000| Untracked 
|  17|0x00000000a3300000, 0x00000000a3400000, 0x00000000a3400000|100%| O|  |TAMS 0x00000000a3300000, 0x00000000a3300000| Untracked 
|  18|0x00000000a3400000, 0x00000000a3500000, 0x00000000a3500000|100%| O|  |TAMS 0x00000000a3400000, 0x00000000a3400000| Untracked 
|  19|0x00000000a3500000, 0x00000000a3600000, 0x00000000a3600000|100%| O|  |TAMS 0x00000000a3500000, 0x00000000a3500000| Untracked 
|  20|0x00000000a3600000, 0x00000000a3700000, 0x00000000a3700000|100%| O|  |TAMS 0x00000000a3600000, 0x00000000a3600000| Untracked 
|  21|0x00000000a3700000, 0x00000000a3800000, 0x00000000a3800000|100%| O|  |TAMS 0x00000000a3700000, 0x00000000a3700000| Untracked 
|  22|0x00000000a3800000, 0x00000000a3800000, 0x00000000a3900000|  0%| F|  |TAMS 0x00000000a3800000, 0x00000000a3800000| Untracked 
|  23|0x00000000a3900000, 0x00000000a3900000, 0x00000000a3a00000|  0%| F|  |TAMS 0x00000000a3900000, 0x00000000a3900000| Untracked 
|  24|0x00000000a3a00000, 0x00000000a3a00000, 0x00000000a3b00000|  0%| F|  |TAMS 0x00000000a3a00000, 0x00000000a3a00000| Untracked 
|  25|0x00000000a3b00000, 0x00000000a3b00000, 0x00000000a3c00000|  0%| F|  |TAMS 0x00000000a3b00000, 0x00000000a3b00000| Untracked 
|  26|0x00000000a3c00000, 0x00000000a3c00000, 0x00000000a3d00000|  0%| F|  |TAMS 0x00000000a3c00000, 0x00000000a3c00000| Untracked 
|  27|0x00000000a3d00000, 0x00000000a3e00000, 0x00000000a3e00000|100%| O|  |TAMS 0x00000000a3d00000, 0x00000000a3d00000| Untracked 
|  28|0x00000000a3e00000, 0x00000000a3f00000, 0x00000000a3f00000|100%| O|  |TAMS 0x00000000a3e00000, 0x00000000a3e00000| Untracked 
|  29|0x00000000a3f00000, 0x00000000a4000000, 0x00000000a4000000|100%| O|  |TAMS 0x00000000a3f00000, 0x00000000a3f00000| Untracked 
|  30|0x00000000a4000000, 0x00000000a40aca00, 0x00000000a4100000| 67%| O|  |TAMS 0x00000000a4000000, 0x00000000a4000000| Untracked 
|  31|0x00000000a4100000, 0x00000000a4100000, 0x00000000a4200000|  0%| F|  |TAMS 0x00000000a4100000, 0x00000000a4100000| Untracked 
|  32|0x00000000a4200000, 0x00000000a4200000, 0x00000000a4300000|  0%| F|  |TAMS 0x00000000a4200000, 0x00000000a4200000| Untracked 
|  33|0x00000000a4300000, 0x00000000a4300000, 0x00000000a4400000|  0%| F|  |TAMS 0x00000000a4300000, 0x00000000a4300000| Untracked 
|  34|0x00000000a4400000, 0x00000000a4400000, 0x00000000a4500000|  0%| F|  |TAMS 0x00000000a4400000, 0x00000000a4400000| Untracked 
|  35|0x00000000a4500000, 0x00000000a4500000, 0x00000000a4600000|  0%| F|  |TAMS 0x00000000a4500000, 0x00000000a4500000| Untracked 
|  36|0x00000000a4600000, 0x00000000a4600000, 0x00000000a4700000|  0%| F|  |TAMS 0x00000000a4600000, 0x00000000a4600000| Untracked 
|  37|0x00000000a4700000, 0x00000000a47a8878, 0x00000000a4800000| 65%| S|CS|TAMS 0x00000000a4700000, 0x00000000a4700000| Complete 
|  38|0x00000000a4800000, 0x00000000a4900000, 0x00000000a4900000|100%| S|CS|TAMS 0x00000000a4800000, 0x00000000a4800000| Complete 
|  39|0x00000000a4900000, 0x00000000a4900000, 0x00000000a4a00000|  0%| F|  |TAMS 0x00000000a4900000, 0x00000000a4900000| Untracked 
|  40|0x00000000a4a00000, 0x00000000a4a00000, 0x00000000a4b00000|  0%| F|  |TAMS 0x00000000a4a00000, 0x00000000a4a00000| Untracked 
|  41|0x00000000a4b00000, 0x00000000a4b00000, 0x00000000a4c00000|  0%| F|  |TAMS 0x00000000a4b00000, 0x00000000a4b00000| Untracked 
|  42|0x00000000a4c00000, 0x00000000a4c00000, 0x00000000a4d00000|  0%| F|  |TAMS 0x00000000a4c00000, 0x00000000a4c00000| Untracked 
|  43|0x00000000a4d00000, 0x00000000a4d00000, 0x00000000a4e00000|  0%| F|  |TAMS 0x00000000a4d00000, 0x00000000a4d00000| Untracked 
|  44|0x00000000a4e00000, 0x00000000a4e00000, 0x00000000a4f00000|  0%| F|  |TAMS 0x00000000a4e00000, 0x00000000a4e00000| Untracked 
|  45|0x00000000a4f00000, 0x00000000a4f00000, 0x00000000a5000000|  0%| F|  |TAMS 0x00000000a4f00000, 0x00000000a4f00000| Untracked 
|  46|0x00000000a5000000, 0x00000000a5000000, 0x00000000a5100000|  0%| F|  |TAMS 0x00000000a5000000, 0x00000000a5000000| Untracked 
|  47|0x00000000a5100000, 0x00000000a5100000, 0x00000000a5200000|  0%| F|  |TAMS 0x00000000a5100000, 0x00000000a5100000| Untracked 
|  48|0x00000000a5200000, 0x00000000a5200000, 0x00000000a5300000|  0%| F|  |TAMS 0x00000000a5200000, 0x00000000a5200000| Untracked 
|  49|0x00000000a5300000, 0x00000000a5300000, 0x00000000a5400000|  0%| F|  |TAMS 0x00000000a5300000, 0x00000000a5300000| Untracked 
|  50|0x00000000a5400000, 0x00000000a5400000, 0x00000000a5500000|  0%| F|  |TAMS 0x00000000a5400000, 0x00000000a5400000| Untracked 
|  51|0x00000000a5500000, 0x00000000a5500000, 0x00000000a5600000|  0%| F|  |TAMS 0x00000000a5500000, 0x00000000a5500000| Untracked 
|  52|0x00000000a5600000, 0x00000000a5600000, 0x00000000a5700000|  0%| F|  |TAMS 0x00000000a5600000, 0x00000000a5600000| Untracked 
|  53|0x00000000a5700000, 0x00000000a5700000, 0x00000000a5800000|  0%| F|  |TAMS 0x00000000a5700000, 0x00000000a5700000| Untracked 
|  54|0x00000000a5800000, 0x00000000a5800000, 0x00000000a5900000|  0%| F|  |TAMS 0x00000000a5800000, 0x00000000a5800000| Untracked 
|  55|0x00000000a5900000, 0x00000000a5900000, 0x00000000a5a00000|  0%| F|  |TAMS 0x00000000a5900000, 0x00000000a5900000| Untracked 
|  56|0x00000000a5a00000, 0x00000000a5a00000, 0x00000000a5b00000|  0%| F|  |TAMS 0x00000000a5a00000, 0x00000000a5a00000| Untracked 
|  57|0x00000000a5b00000, 0x00000000a5b00000, 0x00000000a5c00000|  0%| F|  |TAMS 0x00000000a5b00000, 0x00000000a5b00000| Untracked 
|  58|0x00000000a5c00000, 0x00000000a5c00000, 0x00000000a5d00000|  0%| F|  |TAMS 0x00000000a5c00000, 0x00000000a5c00000| Untracked 
|  59|0x00000000a5d00000, 0x00000000a5d00000, 0x00000000a5e00000|  0%| F|  |TAMS 0x00000000a5d00000, 0x00000000a5d00000| Untracked 
|  60|0x00000000a5e00000, 0x00000000a5e00000, 0x00000000a5f00000|  0%| F|  |TAMS 0x00000000a5e00000, 0x00000000a5e00000| Untracked 
|  61|0x00000000a5f00000, 0x00000000a5f00000, 0x00000000a6000000|  0%| F|  |TAMS 0x00000000a5f00000, 0x00000000a5f00000| Untracked 
|  62|0x00000000a6000000, 0x00000000a6000000, 0x00000000a6100000|  0%| F|  |TAMS 0x00000000a6000000, 0x00000000a6000000| Untracked 
|  72|0x00000000a6a00000, 0x00000000a6a2d4a8, 0x00000000a6b00000| 17%| E|  |TAMS 0x00000000a6a00000, 0x00000000a6a00000| Complete 
|  73|0x00000000a6b00000, 0x00000000a6c00000, 0x00000000a6c00000|100%| E|CS|TAMS 0x00000000a6b00000, 0x00000000a6b00000| Complete 
|  74|0x00000000a6c00000, 0x00000000a6d00000, 0x00000000a6d00000|100%| E|CS|TAMS 0x00000000a6c00000, 0x00000000a6c00000| Complete 
|  93|0x00000000a7f00000, 0x00000000a8000000, 0x00000000a8000000|100%| E|CS|TAMS 0x00000000a7f00000, 0x00000000a7f00000| Complete 

Card table byte_map: [0x0000016d19640000,0x0000016d19930000] _byte_map_base: 0x0000016d1912f000

Marking Bits (Prev, Next): (CMBitMap*) 0x0000016d02549c60, (CMBitMap*) 0x0000016d02549c20
 Prev Bits: [0x0000016d1b3a0000, 0x0000016d1cb18000)
 Next Bits: [0x0000016d19c20000, 0x0000016d1b398000)

Polling page: 0x0000016d00490000

Metaspace:

Usage:
  Non-class:     30.11 MB used.
      Class:      4.18 MB used.
       Both:     34.29 MB used.

Virtual space:
  Non-class space:       64.00 MB reserved,      30.25 MB ( 47%) committed,  1 nodes.
      Class space:        1.00 GB reserved,       4.38 MB ( <1%) committed,  1 nodes.
             Both:        1.06 GB reserved,      34.62 MB (  3%) committed. 

Chunk freelists:
   Non-Class:  832.00 KB
       Class:  3.55 MB
        Both:  4.36 MB

MaxMetaspaceSize: unlimited
CompressedClassSpaceSize: 1.00 GB
Initial GC threshold: 21.00 MB
Current GC threshold: 35.12 MB
CDS: on
MetaspaceReclaimPolicy: balanced
 - commit_granule_bytes: 65536.
 - commit_granule_words: 8192.
 - virtual_space_node_default_size: 8388608.
 - enlarge_chunks_in_place: 1.
 - new_chunks_are_fully_committed: 0.
 - uncommit_free_chunks: 1.
 - use_allocation_guard: 0.


Internal statistics:

num_allocs_failed_limit: 3.
num_arena_births: 356.
num_arena_deaths: 0.
num_vsnodes_births: 2.
num_vsnodes_deaths: 0.
num_space_committed: 554.
num_space_uncommitted: 0.
num_chunks_returned_to_freelist: 3.
num_chunks_taken_from_freelist: 1304.
num_chunk_merges: 3.
num_chunk_splits: 911.
num_chunks_enlarged: 713.
num_inconsistent_stats: 0.

CodeHeap 'non-profiled nmethods': size=120000Kb used=2054Kb max_used=2054Kb free=117945Kb
 bounds [0x0000016d118d0000, 0x0000016d11b40000, 0x0000016d18e00000]
CodeHeap 'profiled nmethods': size=120000Kb used=9238Kb max_used=9238Kb free=110762Kb
 bounds [0x0000016d0a3a0000, 0x0000016d0acb0000, 0x0000016d118d0000]
CodeHeap 'non-nmethods': size=5760Kb used=1317Kb max_used=1354Kb free=4442Kb
 bounds [0x0000016d09e00000, 0x0000016d0a070000, 0x0000016d0a3a0000]
 total_blobs=5215 nmethods=4584 adapters=542
 compilation: enabled
              stopped_count=0, restarted_count=0
 full_count=0

Compilation events (20 events):
Event: 9.457 Thread 0x0000016d1f750660 4641       3       org.openqa.selenium.remote.codec.AbstractHttpCommandCodec$CommandSpec$$Lambda$704/0x000000080106c480::test (8 bytes)
Event: 9.458 Thread 0x0000016d1f750660 nmethod 4641 0x0000016d0ac96710 code [0x0000016d0ac968c0, 0x0000016d0ac96c58]
Event: 9.458 Thread 0x0000016d1f750660 4642       3       org.openqa.selenium.remote.codec.AbstractHttpCommandCodec$CommandSpec::lambda$new$0 (13 bytes)
Event: 9.458 Thread 0x0000016d1f750660 nmethod 4642 0x0000016d0ac96d90 code [0x0000016d0ac96f40, 0x0000016d0ac97158]
Event: 9.467 Thread 0x0000016d1f750660 4643       3       jdk.internal.module.Resources::toPackageName (39 bytes)
Event: 9.467 Thread 0x0000016d1f750660 nmethod 4643 0x0000016d0ac97290 code [0x0000016d0ac974c0, 0x0000016d0ac97b38]
Event: 9.470 Thread 0x0000016d1f750660 4644       3       java.util.concurrent.locks.ReentrantLock$NonfairSync::<init> (5 bytes)
Event: 9.470 Thread 0x0000016d1f750660 nmethod 4644 0x0000016d0ac97d90 code [0x0000016d0ac97f40, 0x0000016d0ac981b8]
Event: 9.470 Thread 0x0000016d1f750660 4645       3       java.util.concurrent.locks.ReentrantLock$Sync::<init> (5 bytes)
Event: 9.470 Thread 0x0000016d1f750660 nmethod 4645 0x0000016d0ac98310 code [0x0000016d0ac984c0, 0x0000016d0ac986f8]
Event: 9.470 Thread 0x0000016d1f750660 4646       3       java.util.concurrent.locks.ReentrantLock::<init> (16 bytes)
Event: 9.470 Thread 0x0000016d1f750660 nmethod 4646 0x0000016d0ac98810 code [0x0000016d0ac989e0, 0x0000016d0ac98dd8]
Event: 9.471 Thread 0x0000016d1f750660 4647       3       java.lang.invoke.MethodHandles::identity (87 bytes)
Event: 9.472 Thread 0x0000016d1f750660 nmethod 4647 0x0000016d0ac98f90 code [0x0000016d0ac99180, 0x0000016d0ac995b8]
Event: 9.473 Thread 0x0000016d1f750660 4648       1       java.net.InetSocketAddress$InetSocketAddressHolder::getPort (5 bytes)
Event: 9.473 Thread 0x0000016d1f750660 nmethod 4648 0x0000016d11ad0810 code [0x0000016d11ad09a0, 0x0000016d11ad0a78]
Event: 9.475 Thread 0x0000016d1f750660 4649       3       java.util.TreeMap::addEntryToEmptyMap (37 bytes)
Event: 9.475 Thread 0x0000016d1f750660 nmethod 4649 0x0000016d0ac99790 code [0x0000016d0ac99980, 0x0000016d0ac9a078]
Event: 9.475 Thread 0x0000016d1f750660 4650       3       java.util.List::of (9 bytes)
Event: 9.476 Thread 0x0000016d1f750660 nmethod 4650 0x0000016d0ac9a290 code [0x0000016d0ac9a480, 0x0000016d0ac9a9c8]

GC Heap History (20 events):
Event: 1.912 GC heap before
{Heap before GC invocations=1 (full 0):
 garbage-first heap   total 96256K, used 31928K [0x00000000a2200000, 0x0000000100000000)
  region size 1024K, 26 young (26624K), 3 survivors (3072K)
 Metaspace       used 11931K, committed 12160K, reserved 1114112K
  class space    used 1351K, committed 1472K, reserved 1048576K
}
Event: 1.921 GC heap after
{Heap after GC invocations=2 (full 0):
 garbage-first heap   total 96256K, used 10912K [0x00000000a2200000, 0x0000000100000000)
  region size 1024K, 2 young (2048K), 2 survivors (2048K)
 Metaspace       used 11931K, committed 12160K, reserved 1114112K
  class space    used 1351K, committed 1472K, reserved 1048576K
}
Event: 2.825 GC heap before
{Heap before GC invocations=2 (full 0):
 garbage-first heap   total 96256K, used 45728K [0x00000000a2200000, 0x0000000100000000)
  region size 1024K, 37 young (37888K), 2 survivors (2048K)
 Metaspace       used 18368K, committed 18624K, reserved 1114112K
  class space    used 2131K, committed 2240K, reserved 1048576K
}
Event: 2.831 GC heap after
{Heap after GC invocations=3 (full 0):
 garbage-first heap   total 96256K, used 16214K [0x00000000a2200000, 0x0000000100000000)
  region size 1024K, 5 young (5120K), 5 survivors (5120K)
 Metaspace       used 18368K, committed 18624K, reserved 1114112K
  class space    used 2131K, committed 2240K, reserved 1048576K
}
Event: 3.236 GC heap before
{Heap before GC invocations=3 (full 0):
 garbage-first heap   total 96256K, used 35670K [0x00000000a2200000, 0x0000000100000000)
  region size 1024K, 24 young (24576K), 5 survivors (5120K)
 Metaspace       used 21263K, committed 21504K, reserved 1114112K
  class space    used 2504K, committed 2624K, reserved 1048576K
}
Event: 3.243 GC heap after
{Heap after GC invocations=4 (full 0):
 garbage-first heap   total 96256K, used 19096K [0x00000000a2200000, 0x0000000100000000)
  region size 1024K, 3 young (3072K), 3 survivors (3072K)
 Metaspace       used 21263K, committed 21504K, reserved 1114112K
  class space    used 2504K, committed 2624K, reserved 1048576K
}
Event: 4.035 GC heap before
{Heap before GC invocations=5 (full 0):
 garbage-first heap   total 68608K, used 56984K [0x00000000a2200000, 0x0000000100000000)
  region size 1024K, 40 young (40960K), 3 survivors (3072K)
 Metaspace       used 28506K, committed 28800K, reserved 1114112K
  class space    used 3451K, committed 3584K, reserved 1048576K
}
Event: 4.041 GC heap after
{Heap after GC invocations=6 (full 0):
 garbage-first heap   total 68608K, used 25101K [0x00000000a2200000, 0x0000000100000000)
  region size 1024K, 5 young (5120K), 5 survivors (5120K)
 Metaspace       used 28506K, committed 28800K, reserved 1114112K
  class space    used 3451K, committed 3584K, reserved 1048576K
}
Event: 4.066 GC heap before
{Heap before GC invocations=6 (full 0):
 garbage-first heap   total 68608K, used 26125K [0x00000000a2200000, 0x0000000100000000)
  region size 1024K, 6 young (6144K), 5 survivors (5120K)
 Metaspace       used 28715K, committed 29056K, reserved 1114112K
  class space    used 3490K, committed 3648K, reserved 1048576K
}
Event: 4.070 GC heap after
{Heap after GC invocations=7 (full 0):
 garbage-first heap   total 68608K, used 25853K [0x00000000a2200000, 0x0000000100000000)
  region size 1024K, 1 young (1024K), 1 survivors (1024K)
 Metaspace       used 28715K, committed 29056K, reserved 1114112K
  class space    used 3490K, committed 3648K, reserved 1048576K
}
Event: 6.209 GC heap before
{Heap before GC invocations=7 (full 0):
 garbage-first heap   total 68608K, used 46333K [0x00000000a2200000, 0x0000000100000000)
  region size 1024K, 21 young (21504K), 1 survivors (1024K)
 Metaspace       used 32986K, committed 33344K, reserved 1114112K
  class space    used 4041K, committed 4224K, reserved 1048576K
}
Event: 6.211 GC heap after
{Heap after GC invocations=8 (full 0):
 garbage-first heap   total 68608K, used 26270K [0x00000000a2200000, 0x0000000100000000)
  region size 1024K, 2 young (2048K), 2 survivors (2048K)
 Metaspace       used 32986K, committed 33344K, reserved 1114112K
  class space    used 4041K, committed 4224K, reserved 1048576K
}
Event: 8.257 GC heap before
{Heap before GC invocations=8 (full 0):
 garbage-first heap   total 68608K, used 47774K [0x00000000a2200000, 0x0000000100000000)
  region size 1024K, 23 young (23552K), 2 survivors (2048K)
 Metaspace       used 34135K, committed 34496K, reserved 1114112K
  class space    used 4180K, committed 4352K, reserved 1048576K
}
Event: 8.259 GC heap after
{Heap after GC invocations=9 (full 0):
 garbage-first heap   total 68608K, used 26502K [0x00000000a2200000, 0x0000000100000000)
  region size 1024K, 2 young (2048K), 2 survivors (2048K)
 Metaspace       used 34135K, committed 34496K, reserved 1114112K
  class space    used 4180K, committed 4352K, reserved 1048576K
}
Event: 8.477 GC heap before
{Heap before GC invocations=9 (full 0):
 garbage-first heap   total 68608K, used 50054K [0x00000000a2200000, 0x0000000100000000)
  region size 1024K, 25 young (25600K), 2 survivors (2048K)
 Metaspace       used 34373K, committed 34688K, reserved 1114112K
  class space    used 4181K, committed 4352K, reserved 1048576K
}
Event: 8.479 GC heap after
{Heap after GC invocations=10 (full 0):
 garbage-first heap   total 68608K, used 26530K [0x00000000a2200000, 0x0000000100000000)
  region size 1024K, 2 young (2048K), 2 survivors (2048K)
 Metaspace       used 34373K, committed 34688K, reserved 1114112K
  class space    used 4181K, committed 4352K, reserved 1048576K
}
Event: 8.631 GC heap before
{Heap before GC invocations=10 (full 0):
 garbage-first heap   total 68608K, used 51106K [0x00000000a2200000, 0x0000000100000000)
  region size 1024K, 26 young (26624K), 2 survivors (2048K)
 Metaspace       used 34384K, committed 34752K, reserved 1114112K
  class space    used 4181K, committed 4352K, reserved 1048576K
}
Event: 8.633 GC heap after
{Heap after GC invocations=11 (full 0):
 garbage-first heap   total 68608K, used 26565K [0x00000000a2200000, 0x0000000100000000)
  region size 1024K, 2 young (2048K), 2 survivors (2048K)
 Metaspace       used 34384K, committed 34752K, reserved 1114112K
  class space    used 4181K, committed 4352K, reserved 1048576K
}
Event: 9.425 GC heap before
{Heap before GC invocations=11 (full 0):
 garbage-first heap   total 68608K, used 53189K [0x00000000a2200000, 0x0000000100000000)
  region size 1024K, 28 young (28672K), 2 survivors (2048K)
 Metaspace       used 34731K, committed 35072K, reserved 1114112K
  class space    used 4227K, committed 4416K, reserved 1048576K
}
Event: 9.427 GC heap after
{Heap after GC invocations=12 (full 0):
 garbage-first heap   total 68608K, used 26813K [0x00000000a2200000, 0x0000000100000000)
  region size 1024K, 2 young (2048K), 2 survivors (2048K)
 Metaspace       used 34731K, committed 35072K, reserved 1114112K
  class space    used 4227K, committed 4416K, reserved 1048576K
}

Deoptimization events (20 events):
Event: 9.386 Thread 0x0000016d257ded40 DEOPT PACKING pc=0x0000016d11a37288 sp=0x00000052192fe650
Event: 9.386 Thread 0x0000016d257ded40 DEOPT UNPACKING pc=0x0000016d09e523a3 sp=0x00000052192fe608 mode 2
Event: 9.405 Thread 0x0000016d243256c0 DEOPT PACKING pc=0x0000016d0ac1ff42 sp=0x0000005219efda30
Event: 9.405 Thread 0x0000016d243256c0 DEOPT UNPACKING pc=0x0000016d09e52b43 sp=0x0000005219efcef0 mode 0
Event: 9.407 Thread 0x0000016d243256c0 DEOPT PACKING pc=0x0000016d0ac1ff42 sp=0x0000005219efda30
Event: 9.407 Thread 0x0000016d243256c0 DEOPT UNPACKING pc=0x0000016d09e52b43 sp=0x0000005219efcef0 mode 0
Event: 9.428 Thread 0x0000016d243256c0 DEOPT PACKING pc=0x0000016d0ac1ff42 sp=0x0000005219efda30
Event: 9.428 Thread 0x0000016d243256c0 DEOPT UNPACKING pc=0x0000016d09e52b43 sp=0x0000005219efcef0 mode 0
Event: 9.431 Thread 0x0000016d243256c0 DEOPT PACKING pc=0x0000016d0ac1ff42 sp=0x0000005219efda30
Event: 9.431 Thread 0x0000016d243256c0 DEOPT UNPACKING pc=0x0000016d09e52b43 sp=0x0000005219efcef0 mode 0
Event: 9.433 Thread 0x0000016d243256c0 DEOPT PACKING pc=0x0000016d0ac1ff42 sp=0x0000005219efda30
Event: 9.433 Thread 0x0000016d243256c0 DEOPT UNPACKING pc=0x0000016d09e52b43 sp=0x0000005219efcef0 mode 0
Event: 9.438 Thread 0x0000016d243256c0 DEOPT PACKING pc=0x0000016d0ac1ff42 sp=0x0000005219efda30
Event: 9.438 Thread 0x0000016d243256c0 DEOPT UNPACKING pc=0x0000016d09e52b43 sp=0x0000005219efcef0 mode 0
Event: 9.440 Thread 0x0000016d243256c0 DEOPT PACKING pc=0x0000016d0ac1ff42 sp=0x0000005219efda30
Event: 9.440 Thread 0x0000016d243256c0 DEOPT UNPACKING pc=0x0000016d09e52b43 sp=0x0000005219efcef0 mode 0
Event: 9.446 Thread 0x0000016d243256c0 DEOPT PACKING pc=0x0000016d0ac1ff42 sp=0x0000005219efda30
Event: 9.446 Thread 0x0000016d243256c0 DEOPT UNPACKING pc=0x0000016d09e52b43 sp=0x0000005219efcef0 mode 0
Event: 9.449 Thread 0x0000016d243256c0 DEOPT PACKING pc=0x0000016d0ac1ff42 sp=0x0000005219efda30
Event: 9.449 Thread 0x0000016d243256c0 DEOPT UNPACKING pc=0x0000016d09e52b43 sp=0x0000005219efcef0 mode 0

Classes loaded (20 events):
Event: 6.548 Loading class com/sun/crypto/provider/GaloisCounterMode$EncryptOp
Event: 6.548 Loading class com/sun/crypto/provider/GaloisCounterMode$EncryptOp done
Event: 6.551 Loading class sun/security/ssl/SSLCipher$T12GcmWriteCipherGenerator$GcmWriteCipher
Event: 6.552 Loading class sun/security/ssl/SSLCipher$T12GcmWriteCipherGenerator$GcmWriteCipher done
Event: 9.381 Loading class java/nio/HeapByteBufferR
Event: 9.381 Loading class java/nio/HeapByteBufferR done
Event: 9.385 Loading class java/util/ArrayList$ListItr
Event: 9.385 Loading class java/util/ArrayList$ListItr done
Event: 9.391 Loading class java/util/stream/ReferencePipeline$5
Event: 9.392 Loading class java/util/stream/LongPipeline$StatelessOp
Event: 9.392 Loading class java/util/stream/LongPipeline
Event: 9.393 Loading class java/util/stream/LongPipeline done
Event: 9.393 Loading class java/util/stream/LongPipeline$StatelessOp done
Event: 9.393 Loading class java/util/stream/ReferencePipeline$5 done
Event: 9.394 Loading class java/util/stream/FindOps$FindSink$OfLong
Event: 9.394 Loading class java/util/stream/Sink$OfLong
Event: 9.395 Loading class java/util/stream/Sink$OfLong done
Event: 9.395 Loading class java/util/stream/FindOps$FindSink$OfLong done
Event: 9.396 Loading class java/util/stream/ReferencePipeline$5$1
Event: 9.396 Loading class java/util/stream/ReferencePipeline$5$1 done

Classes unloaded (0 events):
No events

Classes redefined (0 events):
No events

Internal exceptions (20 events):
Event: 3.952 Thread 0x0000016d258d7540 Exception <a 'java/net/SocketException'{0x00000000a3e61cd8}: Socket is not connected: shutdown> (0x00000000a3e61cd8) 
thrown [t:\workspace\open\src\hotspot\share\prims\jni.cpp, line 535]
Event: 3.964 Thread 0x0000016d258d7540 Exception <a 'java/net/ConnectException'{0x00000000a3e62608}: Connection refused: no further information> (0x00000000a3e62608) 
thrown [t:\workspace\open\src\hotspot\share\prims\jni.cpp, line 535]
Event: 3.964 Thread 0x0000016d258d7540 Exception <a 'java/net/SocketException'{0x00000000a3e62940}: Socket is not connected: shutdown> (0x00000000a3e62940) 
thrown [t:\workspace\open\src\hotspot\share\prims\jni.cpp, line 535]
Event: 3.980 Thread 0x0000016d258d7540 Exception <a 'java/net/ConnectException'{0x00000000a3e631a0}: Connection refused: no further information> (0x00000000a3e631a0) 
thrown [t:\workspace\open\src\hotspot\share\prims\jni.cpp, line 535]
Event: 3.980 Thread 0x0000016d258d7540 Exception <a 'java/net/SocketException'{0x00000000a3e634d8}: Socket is not connected: shutdown> (0x00000000a3e634d8) 
thrown [t:\workspace\open\src\hotspot\share\prims\jni.cpp, line 535]
Event: 3.996 Thread 0x0000016d258d7540 Exception <a 'java/net/ConnectException'{0x00000000a3e63d38}: Connection refused: no further information> (0x00000000a3e63d38) 
thrown [t:\workspace\open\src\hotspot\share\prims\jni.cpp, line 535]
Event: 3.996 Thread 0x0000016d258d7540 Exception <a 'java/net/SocketException'{0x00000000a3e64070}: Socket is not connected: shutdown> (0x00000000a3e64070) 
thrown [t:\workspace\open\src\hotspot\share\prims\jni.cpp, line 535]
Event: 4.007 Thread 0x0000016d024f5ca0 Exception <a 'java/lang/NoSuchMethodError'{0x00000000a3ff8b38}: 'double java.lang.invoke.DirectMethodHandle$Holder.invokeVirtual(java.lang.Object, java.lang.Object)'> (0x00000000a3ff8b38) 
thrown [t:\workspace\open\src\hotspot\share\interpreter\linkResolver.cpp, line 766]
Event: 4.008 Thread 0x0000016d024f5ca0 Exception <a 'java/lang/NoSuchMethodError'{0x00000000a3ec5968}: 'float java.lang.invoke.DirectMethodHandle$Holder.invokeVirtual(java.lang.Object, java.lang.Object)'> (0x00000000a3ec5968) 
thrown [t:\workspace\open\src\hotspot\share\interpreter\linkResolver.cpp, line 766]
Event: 4.008 Thread 0x0000016d024f5ca0 Exception <a 'java/lang/NoSuchMethodError'{0x00000000a3ecece0}: 'long java.lang.invoke.DirectMethodHandle$Holder.invokeVirtual(java.lang.Object, java.lang.Object)'> (0x00000000a3ecece0) 
thrown [t:\workspace\open\src\hotspot\share\interpreter\linkResolver.cpp, line 766]
Event: 4.031 Thread 0x0000016d024f5ca0 Exception <a 'java/lang/NoSuchMethodError'{0x00000000a3dcb390}: 'java.lang.Object java.lang.invoke.DirectMethodHandle$Holder.newInvokeSpecial(java.lang.Object, java.lang.Object, int, int)'> (0x00000000a3dcb390) 
thrown [t:\workspace\open\src\hotspot\share\interpreter\linkResolver.cpp, line 766]
Event: 4.032 Thread 0x0000016d024f5ca0 Exception <a 'java/lang/NoSuchMethodError'{0x00000000a3dd60a0}: 'void java.lang.invoke.DirectMethodHandle$Holder.invokeStatic(java.lang.Object, java.lang.Object, int)'> (0x00000000a3dd60a0) 
thrown [t:\workspace\open\src\hotspot\share\interpreter\linkResolver.cpp, line 766]
Event: 4.062 Thread 0x0000016d024f5ca0 Exception <a 'java/lang/NoSuchMethodError'{0x00000000a7fd4db8}: 'void java.lang.invoke.DirectMethodHandle$Holder.invokeInterface(java.lang.Object, java.lang.Object, java.lang.Object)'> (0x00000000a7fd4db8) 
thrown [t:\workspace\open\src\hotspot\share\interpreter\linkResolver.cpp, line 766]
Event: 4.081 Thread 0x0000016d257e0080 Exception <a 'java/lang/NoSuchMethodError'{0x00000000a7f66258}: 'void java.lang.invoke.DirectMethodHandle$Holder.invokeStatic(java.lang.Object, java.lang.Object, java.lang.Object, java.lang.Object, java.lang.Object, java.lang.Object, java.lang.Object)'> (0x00000000a7f66258) 
thrown [t:\workspace\open\src\hotspot\share\interpreter\linkResolver.cpp, line 766]
Event: 6.112 Thread 0x0000016d257e0550 Implicit null exception at 0x0000016d11a4d03f to 0x0000016d11a4d278
Event: 6.352 Thread 0x0000016d257e0550 Exception <a 'java/lang/NoSuchMethodError'{0x00000000a5b950d0}: 'java.lang.Object java.lang.invoke.DirectMethodHandle$Holder.newInvokeSpecial(java.lang.Object, java.lang.Object, java.lang.Object, java.lang.Object, java.lang.Object, java.lang.Object, java.lang.Object, int)'> (0x00000000a5b950d0) 
thrown [t:\workspace\open\src\hotspot\share\interpreter\linkResolver.cpp, line 766]
Event: 6.353 Thread 0x0000016d257e0550 Exception <a 'java/lang/NoSuchMethodError'{0x00000000a5b9a378}: 'java.lang.Object java.lang.invoke.DirectMethodHandle$Holder.invokeSpecial(java.lang.Object, java.lang.Object, java.lang.Object, java.lang.Object, java.lang.Object, java.lang.Object, java.lang.Object, java.lang.Object, int)'> (0x00000000a5b9a378) 
thrown [t:\workspace\open\src\hotspot\share\interpreter\linkResolver.cpp, line 766]
Event: 6.353 Thread 0x0000016d257e0550 Exception <a 'java/lang/NoSuchMethodError'{0x00000000a5b9f0e8}: 'java.lang.Object java.lang.invoke.Invokers$Holder.linkToTargetMethod(java.lang.Object, java.lang.Object, java.lang.Object, java.lang.Object, java.lang.Object, java.lang.Object, int, java.lang.Object)'> (0x00000000a5b9f0e8) 
thrown [t:\workspace\open\src\hotspot\share\interpreter\linkResolver.cpp, line 766]
Event: 9.398 Thread 0x0000016d257ded40 Exception <a 'java/lang/NoSuchMethodError'{0x00000000a4a1bdf8}: 'java.lang.Object java.lang.invoke.DirectMethodHandle$Holder.newInvokeSpecial(java.lang.Object, java.lang.Object, long, java.lang.Object, java.lang.Object, java.lang.Object)'> (0x00000000a4a1bdf8) 
thrown [t:\workspace\open\src\hotspot\share\interpreter\linkResolver.cpp, line 766]
Event: 9.419 Thread 0x0000016d024f5ca0 Exception <a 'java/lang/NoSuchMethodError'{0x00000000a4acddf0}: 'java.lang.Object java.lang.invoke.DirectMethodHandle$Holder.invokeSpecialIFC(java.lang.Object, java.lang.Object, java.lang.Object)'> (0x00000000a4acddf0) 
thrown [t:\workspace\open\src\hotspot\share\interpreter\linkResolver.cpp, line 766]

VM Operations (20 events):
Event: 5.697 Executing VM operation: HandshakeAllThreads
Event: 5.697 Executing VM operation: HandshakeAllThreads done
Event: 6.209 Executing VM operation: G1CollectForAllocation
Event: 6.211 Executing VM operation: G1CollectForAllocation done
Event: 6.610 Executing VM operation: HandshakeAllThreads
Event: 6.610 Executing VM operation: HandshakeAllThreads done
Event: 7.610 Executing VM operation: Cleanup
Event: 7.610 Executing VM operation: Cleanup done
Event: 8.257 Executing VM operation: G1CollectForAllocation
Event: 8.259 Executing VM operation: G1CollectForAllocation done
Event: 8.477 Executing VM operation: G1CollectForAllocation
Event: 8.479 Executing VM operation: G1CollectForAllocation done
Event: 8.631 Executing VM operation: G1CollectForAllocation
Event: 8.633 Executing VM operation: G1CollectForAllocation done
Event: 9.382 Executing VM operation: HandshakeAllThreads
Event: 9.382 Executing VM operation: HandshakeAllThreads done
Event: 9.386 Executing VM operation: HandshakeAllThreads
Event: 9.386 Executing VM operation: HandshakeAllThreads done
Event: 9.424 Executing VM operation: G1CollectForAllocation
Event: 9.427 Executing VM operation: G1CollectForAllocation done

Events (20 events):
Event: 4.076 Thread 0x0000016d257dfbb0 Thread added: 0x0000016d257dfbb0
Event: 4.125 Thread 0x0000016d257ded40 Thread added: 0x0000016d257ded40
Event: 4.127 Thread 0x0000016d257e13c0 Thread added: 0x0000016d257e13c0
Event: 5.369 Thread 0x0000016d257e0ef0 Thread added: 0x0000016d257e0ef0
Event: 5.546 Thread 0x0000016d257e0550 Thread added: 0x0000016d257e0550
Event: 5.636 Thread 0x0000016d257e1890 Thread added: 0x0000016d257e1890
Event: 5.636 Thread 0x0000016d257e0a20 Thread added: 0x0000016d257e0a20
Event: 8.150 Thread 0x0000016d257df6e0 Thread added: 0x0000016d257df6e0
Event: 8.152 Thread 0x0000016d257de870 Thread added: 0x0000016d257de870
Event: 8.160 Thread 0x0000016d257de3a0 Thread added: 0x0000016d257de3a0
Event: 8.160 Thread 0x0000016d257df210 Thread added: 0x0000016d257df210
Event: 8.521 Thread 0x0000016d24324d20 Thread added: 0x0000016d24324d20
Event: 8.523 Thread 0x0000016d243273a0 Thread added: 0x0000016d243273a0
Event: 9.022 Thread 0x0000016d243256c0 Thread added: 0x0000016d243256c0
Event: 9.044 Thread 0x0000016d24327870 Thread added: 0x0000016d24327870
Event: 9.471 Thread 0x0000016d24326a00 Thread added: 0x0000016d24326a00
Event: 9.472 Thread 0x0000016d24327d40 Thread added: 0x0000016d24327d40
Event: 9.474 Thread 0x0000016d24326060 Thread added: 0x0000016d24326060
Event: 9.475 Thread 0x0000016d24323eb0 Thread added: 0x0000016d24323eb0
Event: 9.475 Thread 0x0000016d24326ed0 Thread added: 0x0000016d24326ed0


Dynamic libraries:
0x00007ff7da690000 - 0x00007ff7da6a0000 	C:\Program Files\Java\jdk-18\bin\javaw.exe
0x00007ffaa6410000 - 0x00007ffaa6627000 	C:\WINDOWS\SYSTEM32\ntdll.dll
0x00007ffaa4e80000 - 0x00007ffaa4f44000 	C:\WINDOWS\System32\KERNEL32.DLL
0x00007ffaa3960000 - 0x00007ffaa3d17000 	C:\WINDOWS\System32\KERNELBASE.dll
0x00007ffaa3e40000 - 0x00007ffaa3f51000 	C:\WINDOWS\System32\ucrtbase.dll
0x00007ffa9c350000 - 0x00007ffa9c368000 	C:\Program Files\Java\jdk-18\bin\jli.dll
0x00007ffaa41a0000 - 0x00007ffaa4252000 	C:\WINDOWS\System32\ADVAPI32.dll
0x00007ffaa62e0000 - 0x00007ffaa6387000 	C:\WINDOWS\System32\msvcrt.dll
0x00007ffa970e0000 - 0x00007ffa970fa000 	C:\Program Files\Java\jdk-18\bin\VCRUNTIME140.dll
0x00007ffaa4650000 - 0x00007ffaa46f8000 	C:\WINDOWS\System32\sechost.dll
0x00007ffaa3e10000 - 0x00007ffaa3e38000 	C:\WINDOWS\System32\bcrypt.dll
0x00007ffaa5d20000 - 0x00007ffaa5e34000 	C:\WINDOWS\System32\RPCRT4.dll
0x00007ffaa4710000 - 0x00007ffaa48bf000 	C:\WINDOWS\System32\USER32.dll
0x00007ffaa37c0000 - 0x00007ffaa37e6000 	C:\WINDOWS\System32\win32u.dll
0x00007ffaa63a0000 - 0x00007ffaa63c9000 	C:\WINDOWS\System32\GDI32.dll
0x00007ffa8e190000 - 0x00007ffa8e423000 	C:\WINDOWS\WinSxS\amd64_microsoft.windows.common-controls_6595b64144ccf1df_6.0.22621.3672_none_2713b9d173822955\COMCTL32.dll
0x00007ffaa4020000 - 0x00007ffaa4138000 	C:\WINDOWS\System32\gdi32full.dll
0x00007ffaa3720000 - 0x00007ffaa37ba000 	C:\WINDOWS\System32\msvcp_win.dll
0x00007ffa9aab0000 - 0x00007ffa9aaba000 	C:\WINDOWS\SYSTEM32\VERSION.dll
0x00007ffaa4e40000 - 0x00007ffaa4e71000 	C:\WINDOWS\System32\IMM32.DLL
0x00007ffa9c3b0000 - 0x00007ffa9c3bc000 	C:\Program Files\Java\jdk-18\bin\vcruntime140_1.dll
0x00007ffa812a0000 - 0x00007ffa8132d000 	C:\Program Files\Java\jdk-18\bin\msvcp140.dll
0x00007ffa39370000 - 0x00007ffa39f81000 	C:\Program Files\Java\jdk-18\bin\server\jvm.dll
0x00007ffaa6390000 - 0x00007ffaa6398000 	C:\WINDOWS\System32\PSAPI.DLL
0x00007ffa9d550000 - 0x00007ffa9d584000 	C:\WINDOWS\SYSTEM32\WINMM.dll
0x00007ffa5fc90000 - 0x00007ffa5fc99000 	C:\WINDOWS\SYSTEM32\WSOCK32.dll
0x00007ffaa52b0000 - 0x00007ffaa5321000 	C:\WINDOWS\System32\WS2_32.dll
0x00007ffaa2750000 - 0x00007ffaa2768000 	C:\WINDOWS\SYSTEM32\kernel.appcore.dll
0x00007ffa9b040000 - 0x00007ffa9b04a000 	C:\Program Files\Java\jdk-18\bin\jimage.dll
0x00007ffaa1100000 - 0x00007ffaa1332000 	C:\WINDOWS\SYSTEM32\DBGHELP.DLL
0x00007ffaa48c0000 - 0x00007ffaa4c4e000 	C:\WINDOWS\System32\combase.dll
0x00007ffaa4260000 - 0x00007ffaa4337000 	C:\WINDOWS\System32\OLEAUT32.dll
0x00007ffa9b670000 - 0x00007ffa9b6a2000 	C:\WINDOWS\SYSTEM32\dbgcore.DLL
0x00007ffaa3d20000 - 0x00007ffaa3d9b000 	C:\WINDOWS\System32\bcryptPrimitives.dll
0x00007ffa95ae0000 - 0x00007ffa95b05000 	C:\Program Files\Java\jdk-18\bin\java.dll
0x00007ffa5c720000 - 0x00007ffa5c7f6000 	C:\Program Files\Java\jdk-18\bin\jsvml.dll
0x00007ffaa5330000 - 0x00007ffaa5b99000 	C:\WINDOWS\System32\SHELL32.dll
0x00007ffaa1640000 - 0x00007ffaa1f3f000 	C:\WINDOWS\SYSTEM32\windows.storage.dll
0x00007ffaa1500000 - 0x00007ffaa163f000 	C:\WINDOWS\SYSTEM32\wintypes.dll
0x00007ffaa4f50000 - 0x00007ffaa5049000 	C:\WINDOWS\System32\SHCORE.dll
0x00007ffaa5200000 - 0x00007ffaa525e000 	C:\WINDOWS\System32\shlwapi.dll
0x00007ffaa3650000 - 0x00007ffaa3677000 	C:\WINDOWS\SYSTEM32\profapi.dll
0x00007ffa92d60000 - 0x00007ffa92d73000 	C:\Program Files\Java\jdk-18\bin\net.dll
0x00007ffa9f580000 - 0x00007ffa9f6b6000 	C:\WINDOWS\SYSTEM32\WINHTTP.dll
0x00007ffaa2be0000 - 0x00007ffaa2c49000 	C:\WINDOWS\system32\mswsock.dll
0x00007ffa92ce0000 - 0x00007ffa92cf6000 	C:\Program Files\Java\jdk-18\bin\nio.dll
0x00007ffa92c90000 - 0x00007ffa92ca8000 	C:\Program Files\Java\jdk-18\bin\zip.dll
0x00007ffaa21a0000 - 0x00007ffaa21cd000 	C:\WINDOWS\SYSTEM32\IPHLPAPI.DLL
0x00007ffaa4e30000 - 0x00007ffaa4e39000 	C:\WINDOWS\System32\NSI.dll
0x00007ffa9f3d0000 - 0x00007ffa9f3e9000 	C:\WINDOWS\SYSTEM32\dhcpcsvc6.DLL
0x00007ffa9f1e0000 - 0x00007ffa9f1ff000 	C:\WINDOWS\SYSTEM32\dhcpcsvc.DLL
0x00007ffaa2210000 - 0x00007ffaa2312000 	C:\WINDOWS\SYSTEM32\DNSAPI.dll
0x00007ffa9aac0000 - 0x00007ffa9aad0000 	C:\Program Files\Java\jdk-18\bin\verify.dll
0x00007ffaa2e30000 - 0x00007ffaa2e4b000 	C:\WINDOWS\SYSTEM32\CRYPTSP.dll
0x00007ffaa26a0000 - 0x00007ffaa26d5000 	C:\WINDOWS\system32\rsaenh.dll
0x00007ffaa2cd0000 - 0x00007ffaa2cf8000 	C:\WINDOWS\SYSTEM32\USERENV.dll
0x00007ffaa2e50000 - 0x00007ffaa2e5c000 	C:\WINDOWS\SYSTEM32\CRYPTBASE.dll
0x00007ffa96960000 - 0x00007ffa9696e000 	C:\Program Files\Java\jdk-18\bin\sunmscapi.dll
0x00007ffaa37f0000 - 0x00007ffaa3956000 	C:\WINDOWS\System32\CRYPT32.dll
0x00007ffaa2fd0000 - 0x00007ffaa2ffd000 	C:\WINDOWS\SYSTEM32\ncrypt.dll
0x00007ffaa2f90000 - 0x00007ffaa2fc7000 	C:\WINDOWS\SYSTEM32\NTASN1.dll
0x00007ffa875b0000 - 0x00007ffa875c7000 	C:\WINDOWS\system32\napinsp.dll
0x00007ffa87590000 - 0x00007ffa875ab000 	C:\WINDOWS\system32\pnrpnsp.dll
0x00007ffa87570000 - 0x00007ffa87581000 	C:\WINDOWS\System32\winrnr.dll
0x00007ffa87550000 - 0x00007ffa87565000 	C:\WINDOWS\system32\wshbth.dll
0x00007ffa87520000 - 0x00007ffa87547000 	C:\WINDOWS\system32\nlansp_c.dll
0x00007ffa9b660000 - 0x00007ffa9b66a000 	C:\Windows\System32\rasadhlp.dll
0x00007ffa9d250000 - 0x00007ffa9d2d3000 	C:\WINDOWS\System32\fwpuclnt.dll
0x00007ffa92cd0000 - 0x00007ffa92cd9000 	C:\Program Files\Java\jdk-18\bin\management.dll
0x00007ffa92c70000 - 0x00007ffa92c7b000 	C:\Program Files\Java\jdk-18\bin\management_ext.dll

dbghelp: loaded successfully - version: 4.0.5 - missing functions: none
symbol engine: initialized successfully - sym options: 0x614 - pdb path: .;C:\Program Files\Java\jdk-18\bin;C:\WINDOWS\SYSTEM32;C:\WINDOWS\WinSxS\amd64_microsoft.windows.common-controls_6595b64144ccf1df_6.0.22621.3672_none_2713b9d173822955;C:\Program Files\Java\jdk-18\bin\server

VM Arguments:
jvm_args: -ea -Dfile.encoding=UTF-8 -XX:+ShowCodeDetailsInExceptionMessages 
java_command: org.eclipse.jdt.internal.junit.runner.RemoteTestRunner -version 3 -port 63611 -testLoaderClass org.eclipse.jdt.internal.junit4.runner.JUnit4TestLoader -loaderpluginname org.eclipse.jdt.junit4.runtime -classNames com.project.Runner.TestRunner
java_class_path (initial): C:\Users\Abhishek\eclipse-workspace\Project\target\test-classes;C:\Users\Abhishek\eclipse-workspace\Project\target\classes;C:\Users\Abhishek\.m2\repository\junit\junit\4.13.2\junit-4.13.2.jar;C:\Users\Abhishek\.m2\repository\org\hamcrest\hamcrest-core\1.3\hamcrest-core-1.3.jar;C:\Users\Abhishek\.m2\repository\io\cucumber\cucumber-core\7.20.1\cucumber-core-7.20.1.jar;C:\Users\Abhishek\.m2\repository\io\cucumber\cucumber-gherkin\7.20.1\cucumber-gherkin-7.20.1.jar;C:\Users\Abhishek\.m2\repository\io\cucumber\cucumber-gherkin-messages\7.20.1\cucumber-gherkin-messages-7.20.1.jar;C:\Users\Abhishek\.m2\repository\io\cucumber\gherkin\28.0.0\gherkin-28.0.0.jar;C:\Users\Abhishek\.m2\repository\io\cucumber\messages\24.1.0\messages-24.1.0.jar;C:\Users\Abhishek\.m2\repository\io\cucumber\testng-xml-formatter\0.2.0\testng-xml-formatter-0.2.0.jar;C:\Users\Abhishek\.m2\repository\io\cucumber\query\12.2.0\query-12.2.0.jar;C:\Users\Abhishek\.m2\repository\io\cucumber\tag-expressions\6.1.0\tag-expressions-6.1.0.jar;C:\Users\Abhishek\.m2\repository\io\cucumber\cucumber-expressions\17.1.0\cucumber-expressions-17.1.0.jar;C:\Users\Abhishek\.m2\repository\io\cucumber\datatable\7.20.1\datatable-7.20.1.jar;C:\Users\Abhishek\.m2\repository\io\cucumber\cucumber-plugin\7.20.1\cucumber-plugin-7.20.1.jar;C:\Users\Abhishek\.m2\repository\io\cucumber\docstring\7.20.1\docstring-7.20.1.jar;C:\Users\Abhishek\.m2\repository\io\cucumber\html-formatter\21.7.0\html-formatter-21.7.0.jar;C:\Users\Abhishek\.m2\repository\io\cucumber\junit-xml-formatter\0.5.0\junit-xml-formatter-0.5.0.jar;C:\Users\Abhishek\.m2\repository\io\cucumber\ci-environment\10.0.1\ci-environment-10.0.1.jar;C:\Users\Abhishek\.m2\repository\org\apiguardian\apiguardian-api\1.1.2\apiguardian-api-1.1.2.jar;C:\Users\Abhishek\.m2\repository\io\cucumber\cucumber-java\7.20.1\cucumber-java-7.20.1.jar;C:\Users\Abhishek\.m2\repository\io\cucumber\cucumber-junit\7.20.1\cucumber-junit-7.20.1.jar;C:\Users\Abhishek\.m2\repository\io\github\bonigarcia\webdrivermanager\5.9.2\webdrivermanager-5.9.2.jar;C:\Users\Abhishek\.m2\repository\org\slf4j\slf4j-api\2.0.13\slf4j-api-2.0.13.jar;C:\Users\Abhishek\.m2\repository\com\google\code\gson\gson\2.11.0\gson-2.11.0.jar;C:\Users\Abhishek\.m2\repository\com\google\errorprone\error_prone_annotations\2.27.0\error_prone_annotations-2.27.0.jar;C:\Users\Abhishek\.m2\repository\com\github\docker-java\docker-java\3.4.0\docker-java-3.4.0.jar;C:\Users\Abhishek\.m2\repository\com\github\docker-java\docker-java-core\3.4.0\docker-java-core-3.4.0.jar;C:\Users\Abhishek\.m2\repository\com\github\docker-java\docker-java-api\3.4.0\docker-java-api-3.4.0.jar;C:\Users\Abhishek\.m2\repository\com\github\docker-java\docker-java-transport-httpclient5\3.4.0\docker-java-transport-httpclient5-3.4.0.jar;C:\Users\Abhishek\.m2\repository\com\github\docker-java\docker-java-transport\3.4.0\docker-java-transport-3.4.0.jar;C:\Users\Abhishek\.m2\repository\net\java\dev\jna\jna\5.13.0\jna-5.13.0.jar;C:\Users\Abhishek\.m2\repository\org\brotli\dec\0.1.2\dec-0.1.2.jar;C:\Users\Abhishek\.m2\repository\org\apache\commons\commons-lang3\3.15.0\commons-lang3-3.15.0.jar;C:\Users\Abhishek\.m2\repository\org\apache\commons\commons-compress\1.26.2\commons-compress-1.26.2.jar;C:\Users\Abhishek\.m2\repository\commons-codec\commons-codec\1.17.0\commons-codec-1.17.0.jar;C:\Users\Abhishek\.m2\repository\commons-io\commons-io\2.16.1\commons-io-2.16.1.jar;C:\Users\Abhishek\.m2\repository\org\apache\httpcomponents\client5\httpclient5\5.2.1\httpclient5-5.2.1.jar;C:\Users\Abhishek\.m2\repository\org\apache\httpcomponents\core5\httpcore5\5.2\httpcore5-5.2.jar;C:\Users\Abhishek\.m2\repository\org\apache\httpcomponents\core5\httpcore5-h2\5.2\httpcore5-h2-5.2.jar;C:\Users\Abhishek\.m2\repository\org\seleniumhq\selenium\selenium-java\4.26.0\selenium-java-4.26.0.jar;C:\Users\Abhishek\.m2\repository\org\seleniumhq\selenium\selenium-api\4.26.0\selenium-api-4.26.0.jar;C:\Users\Abhishek\.m2\repository\org\jspecify\jspecify\1.0.0\jspecify-1.0.0.jar;C:\Users\Abhishek\.m2\repository\org\seleniumhq\selenium\selenium-chrome-driver\4.26.0\selenium-chrome-driver-4.26.0.jar;C:\Users\Abhishek\.m2\repository\com\google\auto\service\auto-service-annotations\1.1.1\auto-service-annotations-1.1.1.jar;C:\Users\Abhishek\.m2\repository\org\seleniumhq\selenium\selenium-chromium-driver\4.26.0\selenium-chromium-driver-4.26.0.jar;C:\Users\Abhishek\.m2\repository\org\seleniumhq\selenium\selenium-json\4.26.0\selenium-json-4.26.0.jar;C:\Users\Abhishek\.m2\repository\org\seleniumhq\selenium\selenium-manager\4.26.0\selenium-manager-4.26.0.jar;C:\Users\Abhishek\.m2\repository\org\seleniumhq\selenium\selenium-devtools-v128\4.26.0\selenium-devtools-v128-4.26.0.jar;C:\Users\Abhishek\.m2\repository\org\seleniumhq\selenium\selenium-devtools-v129\4.26.0\selenium-devtools-v129-4.26.0.jar;C:\Users\Abhishek\.m2\repository\org\seleniumhq\selenium\selenium-devtools-v130\4.26.0\selenium-devtools-v130-4.26.0.jar;C:\Users\Abhishek\.m2\repository\org\seleniumhq\selenium\selenium-devtools-v85\4.26.0\selenium-devtools-v85-4.26.0.jar;C:\Users\Abhishek\.m2\repository\org\seleniumhq\selenium\selenium-edge-driver\4.26.0\selenium-edge-driver-4.26.0.jar;C:\Users\Abhishek\.m2\repository\org\seleniumhq\selenium\selenium-firefox-driver\4.26.0\selenium-firefox-driver-4.26.0.jar;C:\Users\Abhishek\.m2\repository\org\seleniumhq\selenium\selenium-http\4.26.0\selenium-http-4.26.0.jar;C:\Users\Abhishek\.m2\repository\dev\failsafe\failsafe\3.3.2\failsafe-3.3.2.jar;C:\Users\Abhishek\.m2\repository\org\seleniumhq\selenium\selenium-ie-driver\4.26.0\selenium-ie-driver-4.26.0.jar;C:\Users\Abhishek\.m2\repository\org\seleniumhq\selenium\selenium-remote-driver\4.26.0\selenium-remote-driver-4.26.0.jar;C:\Users\Abhishek\.m2\repository\io\opentelemetry\semconv\opentelemetry-semconv\1.25.0-alpha\opentelemetry-semconv-1.25.0-alpha.jar;C:\Users\Abhishek\.m2\repository\io\opentelemetry\opentelemetry-api\1.43.0\opentelemetry-api-1.43.0.jar;C:\Users\Abhishek\.m2\repository\io\opentelemetry\opentelemetry-context\1.43.0\opentelemetry-context-1.43.0.jar;C:\Users\Abhishek\.m2\repository\io\opentelemetry\opentelemetry-exporter-logging\1.43.0\opentelemetry-exporter-logging-1.43.0.jar;C:\Users\Abhishek\.m2\repository\io\opentelemetry\opentelemetry-sdk-common\1.43.0\opentelemetry-sdk-common-1.43.0.jar;C:\Users\Abhishek\.m2\repository\io\opentelemetry\opentelemetry-sdk-extension-autoconfigure-spi\1.43.0\opentelemetry-sdk-extension-autoconfigure-spi-1.43.0.jar;C:\Users\Abhishek\.m2\repository\io\opentelemetry\opentelemetry-sdk-extension-autoconfigure\1.43.0\opentelemetry-sdk-extension-autoconfigure-1.43.0.jar;C:\Users\Abhishek\.m2\repository\io\opentelemetry\opentelemetry-api-incubator\1.43.0-alpha\opentelemetry-api-incubator-1.43.0-alpha.jar;C:\Users\Abhishek\.m2\repository\io\opentelemetry\opentelemetry-sdk-trace\1.43.0\opentelemetry-sdk-trace-1.43.0.jar;C:\Users\Abhishek\.m2\repository\io\opentelemetry\opentelemetry-sdk\1.43.0\opentelemetry-sdk-1.43.0.jar;C:\Users\Abhishek\.m2\repository\io\opentelemetry\opentelemetry-sdk-metrics\1.43.0\opentelemetry-sdk-metrics-1.43.0.jar;C:\Users\Abhishek\.m2\repository\io\opentelemetry\opentelemetry-sdk-logs\1.43.0\opentelemetry-sdk-logs-1.43.0.jar;C:\Users\Abhishek\.m2\repository\net\bytebuddy\byte-buddy\1.15.7\byte-buddy-1.15.7.jar;C:\Users\Abhishek\.m2\repository\org\seleniumhq\selenium\selenium-os\4.26.0\selenium-os-4.26.0.jar;C:\Users\Abhishek\.m2\repository\org\apache\commons\commons-exec\1.4.0\commons-exec-1.4.0.jar;C:\Users\Abhishek\.m2\repository\org\seleniumhq\selenium\selenium-safari-driver\4.26.0\selenium-safari-driver-4.26.0.jar;C:\Users\Abhishek\.m2\repository\org\seleniumhq\selenium\selenium-support\4.26.0\selenium-support-4.26.0.jar;C:\Users\Abhishek\.m2\repository\tech\grasshopper\extentreports-cucumber7-adapter\1.14.0\extentreports-cucumber7-adapter-1.14.0.jar;C:\Users\Abhishek\.m2\repository\com\aventstack\extentreports\5.1.0\extentreports-5.1.0.jar;C:\Users\Abhishek\.m2\repository\io\reactivex\rxjava3\rxjava\3.1.6\rxjava-3.1.6.jar;C:\Users\Abhishek\.m2\repository\org\reactivestreams\reactive-streams\1.0.4\reactive-streams-1.0.4.jar;C:\Users\Abhishek\.m2\repository\org\freemarker\freemarker\2.3.32\freemarker-2.3.32.jar;C:\Users\Abhishek\.m2\repository\org\projectlombok\lombok\1.18.26\lombok-1.18.26.jar;C:\Users\Abhishek\.m2\repository\tech\grasshopper\extent-pdf-report\2.12.0\extent-pdf-report-2.12.0.jar;C:\Users\Abhishek\.m2\repository\tech\grasshopper\cucumber-pdf-report\2.14.0\cucumber-pdf-report-2.14.0.jar;C:\Users\Abhishek\.m2\repository\org\apache\pdfbox\pdfbox\2.0.26\pdfbox-2.0.26.jar;C:\Users\Abhishek\.m2\repository\org\apache\pdfbox\fontbox\2.0.26\fontbox-2.0.26.jar;C:\Users\Abhishek\.m2\repository\org\knowm\xchart\xchart\3.8.0\xchart-3.8.0.jar;C:\Users\Abhishek\.m2\repository\de\erichseifert\vectorgraphics2d\VectorGraphics2D\0.13\VectorGraphics2D-0.13.jar;C:\Users\Abhishek\.m2\repository\de\rototor\pdfbox\graphics2d\0.30\graphics2d-0.30.jar;C:\Users\Abhishek\.m2\repository\com\madgag\animated-gif-lib\1.4\animated-gif-lib-1.4.jar;C:\Users\Abhishek\.m2\repository\org\yaml\snakeyaml\2.0\snakeyaml-2.0.jar;C:\Users\Abhishek\.m2\repository\tech\grasshopper\table-layout\1.5.1\table-layout-1.5.1.jar;C:\Users\Abhishek\.m2\repository\tech\grasshopper\rest-assured-cucumber-pdf-report\1.5.0\rest-assured-cucumber-pdf-report-1.5.0.jar;C:\Users\Abhishek\.m2\repository\org\jsoup\jsoup\1.15.3\jsoup-1.15.3.jar;C:\Users\Abhishek\.m2\repository\com\aventstack\klov-reporter\5.1.0\klov-reporter-5.1.0.jar;C:\Users\Abhishek\.m2\repository\org\mongodb\mongodb-driver\3.6.4\mongodb-driver-3.6.4.jar;C:\Users\Abhishek\.m2\repository\org\mongodb\mongodb-driver-core\3.6.4\mongodb-driver-core-3.6.4.jar;C:\Users\Abhishek\.m2\repository\org\mongodb\bson\3.6.4\bson-3.6.4.jar;C:\Users\Abhishek\.m2\repository\org\apache\httpcomponents\httpclient\4.5.13\httpclient-4.5.13.jar;C:\Users\Abhishek\.m2\repository\org\apache\httpcomponents\httpcore\4.4.13\httpcore-4.4.13.jar;C:\Users\Abhishek\.m2\repository\commons-logging\commons-logging\1.2\commons-logging-1.2.jar;C:\Users\Abhishek\.m2\repository\org\apache\httpcomponents\httpmime\4.5.13\httpmime-4.5.13.jar;C:\Users\Abhishek\.m2\repository\tech\grasshopper\htmlextentreporter\1.1.0\htmlextentreporter-1.1.0.jar;C:\Users\Abhishek\.m2\repository\tech\grasshopper\extent-excel-report\1.4.0\extent-excel-report-1.4.0.jar;C:\Users\Abhishek\.m2\repository\org\apache\poi\poi\5.2.3\poi-5.2.3.jar;C:\Users\Abhishek\.m2\repository\org\apache\commons\commons-collections4\4.4\commons-collections4-4.4.jar;C:\Users\Abhishek\.m2\repository\org\apache\commons\commons-math3\3.6.1\commons-math3-3.6.1.jar;C:\Users\Abhishek\.m2\repository\com\zaxxer\SparseBitSet\1.2\SparseBitSet-1.2.jar;C:\Users\Abhishek\.m2\repository\org\apache\logging\log4j\log4j-api\2.18.0\log4j-api-2.18.0.jar;C:\Users\Abhishek\.m2\repository\org\apache\poi\poi-ooxml\5.2.3\poi-ooxml-5.2.3.jar;C:\Users\Abhishek\.m2\repository\org\apache\poi\poi-ooxml-lite\5.2.3\poi-ooxml-lite-5.2.3.jar;C:\Users\Abhishek\.m2\repository\org\apache\xmlbeans\xmlbeans\5.1.1\xmlbeans-5.1.1.jar;C:\Users\Abhishek\.m2\repository\com\github\virtuald\curvesapi\1.07\curvesapi-1.07.jar;C:\Users\Abhishek\.m2\repository\net\lightbody\bmp\browsermob-core\2.1.5\browsermob-core-2.1.5.jar;C:\Users\Abhishek\.m2\repository\net\lightbody\bmp\littleproxy\1.1.0-beta-bmp-17\littleproxy-1.1.0-beta-bmp-17.jar;C:\Users\Abhishek\.m2\repository\com\fasterxml\jackson\core\jackson-core\2.8.9\jackson-core-2.8.9.jar;C:\Users\Abhishek\.m2\repository\com\fasterxml\jackson\core\jackson-databind\2.8.9\jackson-databind-2.8.9.jar;C:\Users\Abhishek\.m2\repository\com\fasterxml\jackson\core\jackson-annotations\2.8.9\jackson-annotations-2.8.9.jar;C:\Users\Abhishek\.m2\repository\com\google\guava\guava\23.0-android\guava-23.0-android.jar;C:\Users\Abhishek\.m2\repository\com\google\code\findbugs\jsr305\1.3.9\jsr305-1.3.9.jar;C:\Users\Abhishek\.m2\repository\com\google\j2objc\j2objc-annotations\1.1\j2objc-annotations-1.1.jar;C:\Users\Abhishek\.m2\repository\org\codehaus\mojo\animal-sniffer-annotations\1.14\animal-sniffer-annotations-1.14.jar;C:\Users\Abhishek\.m2\repository\dnsjava\dnsjava\2.1.8\dnsjava-2.1.8.jar;C:\Users\Abhishek\.m2\repository\org\slf4j\jcl-over-slf4j\1.7.25\jcl-over-slf4j-1.7.25.jar;C:\Users\Abhishek\.m2\repository\com\jcraft\jzlib\1.1.3\jzlib-1.1.3.jar;C:\Users\Abhishek\.m2\repository\io\netty\netty-all\4.0.51.Final\netty-all-4.0.51.Final.jar;C:\Users\Abhishek\.m2\repository\org\bouncycastle\bcprov-jdk15on\1.58\bcprov-jdk15on-1.58.jar;C:\Users\Abhishek\.m2\repository\org\bouncycastle\bcpkix-jdk15on\1.58\bcpkix-jdk15on-1.58.jar;C:\Users\Abhishek\.m2\repository\net\lightbody\bmp\mitm\2.1.5\mitm-2.1.5.jar;C:\Users\Abhishek\eclipse\jee-2022-03\eclipse\configuration\org.eclipse.osgi\420\0\.cp;C:\Users\Abhishek\eclipse\jee-2022-03\eclipse\configuration\org.eclipse.osgi\419\0\.cp
Launcher Type: SUN_STANDARD

[Global flags]
     intx CICompilerCount                          = 4                                         {product} {ergonomic}
     uint ConcGCThreads                            = 3                                         {product} {ergonomic}
     uint G1ConcRefinementThreads                  = 10                                        {product} {ergonomic}
   size_t G1HeapRegionSize                         = 1048576                                   {product} {ergonomic}
    uintx GCDrainStackTargetSize                   = 64                                        {product} {ergonomic}
   size_t InitialHeapSize                          = 98566144                                  {product} {ergonomic}
   size_t MarkStackSize                            = 4194304                                   {product} {ergonomic}
   size_t MaxHeapSize                              = 1574961152                                {product} {ergonomic}
   size_t MaxNewSize                               = 944766976                                 {product} {ergonomic}
   size_t MinHeapDeltaBytes                        = 1048576                                   {product} {ergonomic}
   size_t MinHeapSize                              = 8388608                                   {product} {ergonomic}
    uintx NonNMethodCodeHeapSize                   = 5839372                                {pd product} {ergonomic}
    uintx NonProfiledCodeHeapSize                  = 122909434                              {pd product} {ergonomic}
    uintx ProfiledCodeHeapSize                     = 122909434                              {pd product} {ergonomic}
    uintx ReservedCodeCacheSize                    = 251658240                              {pd product} {ergonomic}
     bool SegmentedCodeCache                       = true                                      {product} {ergonomic}
     bool ShowCodeDetailsInExceptionMessages       = true                                   {manageable} {command line}
   size_t SoftMaxHeapSize                          = 1574961152                             {manageable} {ergonomic}
     bool UseCompressedClassPointers               = true                           {product lp64_product} {ergonomic}
     bool UseCompressedOops                        = true                           {product lp64_product} {ergonomic}
     bool UseG1GC                                  = true                                      {product} {ergonomic}
     bool UseLargePagesIndividualAllocation        = false                                  {pd product} {ergonomic}

Logging:
Log output configuration:
 #0: stdout all=warning uptime,level,tags foldmultilines=false
 #1: stderr all=off uptime,level,tags foldmultilines=false

Environment Variables:
JAVA_HOME=C:\Program Files\Java\jdk-21
PATH=C:\Program Files\Common Files\Oracle\Java\javapath;C:\WINDOWS\system32;C:\WINDOWS;C:\WINDOWS\System32\Wbem;C:\WINDOWS\System32\WindowsPowerShell\v1.0\;C:\WINDOWS\System32\OpenSSH\;C:\Program Files\nodejs\;C:\ProgramData\chocolatey\bin;C:\Users\Abhishek\Downloads\apache-maven-3.9.0-bin\apache-maven-3.9.0\bin;C:\Program Files\Git\cmd;C:\Program Files\Docker\Docker\resources\bin;C:\Program Files\Java\jdk-18\bin;C:\Program Files\MySQL\MySQL Shell 8.0\bin\;C:\Users\Abhishek\AppData\Local\Microsoft\WindowsApps;;C:\Users\Abhishek\AppData\Local\Programs\Microsoft VS Code\bin;C:\Users\Abhishek\AppData\Roaming\npm
USERNAME=Abhishek
OS=Windows_NT
PROCESSOR_IDENTIFIER=AMD64 Family 23 Model 104 Stepping 1, AuthenticAMD



---------------  S Y S T E M  ---------------

OS:
 Windows 11 , 64 bit Build 22621 (10.0.22621.3958)
OS uptime: 36 days 5:36 hours
Hyper-V role detected

CPU: total 12 (initial active 12) (12 cores per cpu, 2 threads per core) family 23 model 104 stepping 1 microcode 0x0, cx8, cmov, fxsr, ht, mmx, 3dnowpref, sse, sse2, sse3, ssse3, sse4a, sse4.1, sse4.2, popcnt, lzcnt, tsc, tscinvbit, avx, avx2, aes, clmul, bmi1, bmi2, adx, sha, fma, vzeroupper, clflush, clflushopt, hv

Memory: 4k page, system-wide physical 6005M (398M free)
TotalPageFile size 24437M (AvailPageFile size 383M)
current process WorkingSet (physical memory assigned to process): 192M, peak: 192M
current process commit charge ("private bytes"): 236M, peak: 237M

vm_info: Java HotSpot(TM) 64-Bit Server VM (18+36-2087) for windows-amd64 JRE (18+36-2087), built on Feb 15 2022 09:43:11 by "mach5one" with MS VC++ 16.8 / 16.9 (VS2019)

END.
